  Source.cpp
C:\Users\DELL\source\repos\banksystem\banksystem\Source.cpp(10,10): error C2143: syntax error: missing ';' before '*'
C:\Users\DELL\source\repos\banksystem\banksystem\Source.cpp(10,10): error C4430: missing type specifier - int assumed. Note: C++ does not support default-int
C:\Users\DELL\source\repos\banksystem\banksystem\Source.cpp(10,30): error C2238: unexpected token(s) preceding ';'
C:\Users\DELL\source\repos\banksystem\banksystem\Source.cpp(11,10): error C2143: syntax error: missing ';' before '*'
C:\Users\DELL\source\repos\banksystem\banksystem\Source.cpp(11,10): error C4430: missing type specifier - int assumed. Note: C++ does not support default-int
C:\Users\DELL\source\repos\banksystem\banksystem\Source.cpp(11,30): error C2238: unexpected token(s) preceding ';'
C:\Users\DELL\source\repos\banksystem\banksystem\Source.cpp(21,9): error C2039: 'List_of_Customers': is not a member of 'Bank'
C:\Users\DELL\source\repos\banksystem\banksystem\Source.cpp(4): message : see declaration of 'Bank'
C:\Users\DELL\source\repos\banksystem\banksystem\Source.cpp(21,33): error C2061: syntax error: identifier 'Customer'
C:\Users\DELL\source\repos\banksystem\banksystem\Source.cpp(22,9): error C2039: 'List_of_Employees': is not a member of 'Bank'
C:\Users\DELL\source\repos\banksystem\banksystem\Source.cpp(4): message : see declaration of 'Bank'
C:\Users\DELL\source\repos\banksystem\banksystem\Source.cpp(22,33): error C2061: syntax error: identifier 'Employee'
C:\Users\DELL\source\repos\banksystem\banksystem\Source.cpp(29,9): error C2039: 'List_of_Customers': is not a member of 'Bank'
C:\Users\DELL\source\repos\banksystem\banksystem\Source.cpp(4): message : see declaration of 'Bank'
C:\Users\DELL\source\repos\banksystem\banksystem\Source.cpp(30,9): error C2039: 'List_of_Customers': is not a member of 'Bank'
C:\Users\DELL\source\repos\banksystem\banksystem\Source.cpp(4): message : see declaration of 'Bank'
C:\Users\DELL\source\repos\banksystem\banksystem\Source.cpp(31,9): error C2039: 'List_of_Customers': is not a member of 'Bank'
C:\Users\DELL\source\repos\banksystem\banksystem\Source.cpp(4): message : see declaration of 'Bank'
C:\Users\DELL\source\repos\banksystem\banksystem\Source.cpp(32,9): error C2039: 'List_of_Customers': is not a member of 'Bank'
C:\Users\DELL\source\repos\banksystem\banksystem\Source.cpp(4): message : see declaration of 'Bank'
C:\Users\DELL\source\repos\banksystem\banksystem\Source.cpp(33,9): error C2039: 'List_of_Customers': is not a member of 'Bank'
C:\Users\DELL\source\repos\banksystem\banksystem\Source.cpp(4): message : see declaration of 'Bank'
C:\Users\DELL\source\repos\banksystem\banksystem\Source.cpp(34,9): error C2039: 'List_of_Customers': is not a member of 'Bank'
C:\Users\DELL\source\repos\banksystem\banksystem\Source.cpp(4): message : see declaration of 'Bank'
C:\Users\DELL\source\repos\banksystem\banksystem\Source.cpp(36,9): error C2039: 'List_of_Customers': is not a member of 'Bank'
C:\Users\DELL\source\repos\banksystem\banksystem\Source.cpp(4): message : see declaration of 'Bank'
C:\Users\DELL\source\repos\banksystem\banksystem\Source.cpp(37,9): error C2039: 'List_of_Customers': is not a member of 'Bank'
C:\Users\DELL\source\repos\banksystem\banksystem\Source.cpp(4): message : see declaration of 'Bank'
C:\Users\DELL\source\repos\banksystem\banksystem\Source.cpp(39,9): error C2039: 'List_of_Customers': is not a member of 'Bank'
C:\Users\DELL\source\repos\banksystem\banksystem\Source.cpp(4): message : see declaration of 'Bank'
C:\Users\DELL\source\repos\banksystem\banksystem\Source.cpp(46,9): error C2039: 'List_of_Employees': is not a member of 'Bank'
C:\Users\DELL\source\repos\banksystem\banksystem\Source.cpp(4): message : see declaration of 'Bank'
C:\Users\DELL\source\repos\banksystem\banksystem\Source.cpp(47,9): error C2039: 'List_of_Employees': is not a member of 'Bank'
C:\Users\DELL\source\repos\banksystem\banksystem\Source.cpp(4): message : see declaration of 'Bank'
C:\Users\DELL\source\repos\banksystem\banksystem\Source.cpp(48,9): error C2039: 'List_of_Employees': is not a member of 'Bank'
C:\Users\DELL\source\repos\banksystem\banksystem\Source.cpp(4): message : see declaration of 'Bank'
C:\Users\DELL\source\repos\banksystem\banksystem\Source.cpp(49,9): error C2039: 'List_of_Employees': is not a member of 'Bank'
C:\Users\DELL\source\repos\banksystem\banksystem\Source.cpp(4): message : see declaration of 'Bank'
C:\Users\DELL\source\repos\banksystem\banksystem\Source.cpp(50,9): error C2039: 'List_of_Employees': is not a member of 'Bank'
C:\Users\DELL\source\repos\banksystem\banksystem\Source.cpp(4): message : see declaration of 'Bank'
C:\Users\DELL\source\repos\banksystem\banksystem\Source.cpp(51,9): error C2039: 'List_of_Employees': is not a member of 'Bank'
C:\Users\DELL\source\repos\banksystem\banksystem\Source.cpp(4): message : see declaration of 'Bank'
C:\Users\DELL\source\repos\banksystem\banksystem\Source.cpp(53,9): error C2039: 'List_of_Employees': is not a member of 'Bank'
C:\Users\DELL\source\repos\banksystem\banksystem\Source.cpp(4): message : see declaration of 'Bank'
C:\Users\DELL\source\repos\banksystem\banksystem\Source.cpp(54,9): error C2039: 'List_of_Employees': is not a member of 'Bank'
C:\Users\DELL\source\repos\banksystem\banksystem\Source.cpp(4): message : see declaration of 'Bank'
C:\Users\DELL\source\repos\banksystem\banksystem\Source.cpp(58,11): error C2079: 'fin' uses undefined class 'std::basic_fstream<char,std::char_traits<char>>'
C:\Users\DELL\source\repos\banksystem\banksystem\Source.cpp(58,1): error C2440: 'initializing': cannot convert from 'char []' to 'int'
C:\Users\DELL\source\repos\banksystem\banksystem\Source.cpp(58,14): message : There is no context in which this conversion is possible
C:\Users\DELL\source\repos\banksystem\banksystem\Source.cpp(65,11): error C2039: 'List_of_Customers': is not a member of 'Bank'
C:\Users\DELL\source\repos\banksystem\banksystem\Source.cpp(4): message : see declaration of 'Bank'
C:\Users\DELL\source\repos\banksystem\banksystem\Source.cpp(65,60): error C2061: syntax error: identifier 'Customer'
C:\Users\DELL\source\repos\banksystem\banksystem\Source.cpp(73,11): error C2039: 'List_of_Customers': is not a member of 'Bank'
C:\Users\DELL\source\repos\banksystem\banksystem\Source.cpp(4): message : see declaration of 'Bank'
C:\Users\DELL\source\repos\banksystem\banksystem\Source.cpp(76,11): error C2039: 'List_of_Customers': is not a member of 'Bank'
C:\Users\DELL\source\repos\banksystem\banksystem\Source.cpp(4): message : see declaration of 'Bank'
C:\Users\DELL\source\repos\banksystem\banksystem\Source.cpp(78,9): warning C4552: '>>': result of expression not used
C:\Users\DELL\source\repos\banksystem\banksystem\Source.cpp(79,11): error C2039: 'List_of_Customers': is not a member of 'Bank'
C:\Users\DELL\source\repos\banksystem\banksystem\Source.cpp(4): message : see declaration of 'Bank'
C:\Users\DELL\source\repos\banksystem\banksystem\Source.cpp(83,11): error C2039: 'List_of_Customers': is not a member of 'Bank'
C:\Users\DELL\source\repos\banksystem\banksystem\Source.cpp(4): message : see declaration of 'Bank'
C:\Users\DELL\source\repos\banksystem\banksystem\Source.cpp(86,11): error C2039: 'List_of_Customers': is not a member of 'Bank'
C:\Users\DELL\source\repos\banksystem\banksystem\Source.cpp(4): message : see declaration of 'Bank'
C:\Users\DELL\source\repos\banksystem\banksystem\Source.cpp(89,11): error C2039: 'List_of_Customers': is not a member of 'Bank'
C:\Users\DELL\source\repos\banksystem\banksystem\Source.cpp(4): message : see declaration of 'Bank'
C:\Users\DELL\source\repos\banksystem\banksystem\Source.cpp(91,9): warning C4552: '>>': result of expression not used
C:\Users\DELL\source\repos\banksystem\banksystem\Source.cpp(92,11): error C2039: 'List_of_Customers': is not a member of 'Bank'
C:\Users\DELL\source\repos\banksystem\banksystem\Source.cpp(4): message : see declaration of 'Bank'
C:\Users\DELL\source\repos\banksystem\banksystem\Source.cpp(96,11): error C2039: 'List_of_Customers': is not a member of 'Bank'
C:\Users\DELL\source\repos\banksystem\banksystem\Source.cpp(4): message : see declaration of 'Bank'
C:\Users\DELL\source\repos\banksystem\banksystem\Source.cpp(98,9): warning C4552: '>>': result of expression not used
C:\Users\DELL\source\repos\banksystem\banksystem\Source.cpp(100,9): warning C4552: '>>': result of expression not used
C:\Users\DELL\source\repos\banksystem\banksystem\Source.cpp(102,1): error C2297: '>>': illegal, right operand has type 'float'
C:\Users\DELL\source\repos\banksystem\banksystem\Source.cpp(102,9): warning C4552: '>>': result of expression not used
C:\Users\DELL\source\repos\banksystem\banksystem\Source.cpp(104,9): warning C4552: '>>': result of expression not used
C:\Users\DELL\source\repos\banksystem\banksystem\Source.cpp(105,11): error C2039: 'List_of_Customers': is not a member of 'Bank'
C:\Users\DELL\source\repos\banksystem\banksystem\Source.cpp(4): message : see declaration of 'Bank'
C:\Users\DELL\source\repos\banksystem\banksystem\Source.cpp(115,11): error C2079: 'fin' uses undefined class 'std::basic_fstream<char,std::char_traits<char>>'
C:\Users\DELL\source\repos\banksystem\banksystem\Source.cpp(115,1): error C2440: 'initializing': cannot convert from 'char []' to 'int'
C:\Users\DELL\source\repos\banksystem\banksystem\Source.cpp(115,14): message : There is no context in which this conversion is possible
C:\Users\DELL\source\repos\banksystem\banksystem\Source.cpp(122,11): error C2039: 'List_of_Employees': is not a member of 'Bank'
C:\Users\DELL\source\repos\banksystem\banksystem\Source.cpp(4): message : see declaration of 'Bank'
C:\Users\DELL\source\repos\banksystem\banksystem\Source.cpp(122,60): error C2061: syntax error: identifier 'Employee'
C:\Users\DELL\source\repos\banksystem\banksystem\Source.cpp(130,11): error C2039: 'List_of_Employees': is not a member of 'Bank'
C:\Users\DELL\source\repos\banksystem\banksystem\Source.cpp(4): message : see declaration of 'Bank'
C:\Users\DELL\source\repos\banksystem\banksystem\Source.cpp(133,11): error C2039: 'List_of_Employees': is not a member of 'Bank'
C:\Users\DELL\source\repos\banksystem\banksystem\Source.cpp(4): message : see declaration of 'Bank'
C:\Users\DELL\source\repos\banksystem\banksystem\Source.cpp(135,9): warning C4552: '>>': result of expression not used
C:\Users\DELL\source\repos\banksystem\banksystem\Source.cpp(136,11): error C2039: 'List_of_Employees': is not a member of 'Bank'
C:\Users\DELL\source\repos\banksystem\banksystem\Source.cpp(4): message : see declaration of 'Bank'
C:\Users\DELL\source\repos\banksystem\banksystem\Source.cpp(140,11): error C2039: 'List_of_Employees': is not a member of 'Bank'
C:\Users\DELL\source\repos\banksystem\banksystem\Source.cpp(4): message : see declaration of 'Bank'
C:\Users\DELL\source\repos\banksystem\banksystem\Source.cpp(143,11): error C2039: 'List_of_Employees': is not a member of 'Bank'
C:\Users\DELL\source\repos\banksystem\banksystem\Source.cpp(4): message : see declaration of 'Bank'
C:\Users\DELL\source\repos\banksystem\banksystem\Source.cpp(146,11): error C2039: 'List_of_Employees': is not a member of 'Bank'
C:\Users\DELL\source\repos\banksystem\banksystem\Source.cpp(4): message : see declaration of 'Bank'
C:\Users\DELL\source\repos\banksystem\banksystem\Source.cpp(148,9): warning C4552: '>>': result of expression not used
C:\Users\DELL\source\repos\banksystem\banksystem\Source.cpp(149,11): error C2039: 'List_of_Employees': is not a member of 'Bank'
C:\Users\DELL\source\repos\banksystem\banksystem\Source.cpp(4): message : see declaration of 'Bank'
C:\Users\DELL\source\repos\banksystem\banksystem\Source.cpp(151,1): error C2297: '>>': illegal, right operand has type 'float'
C:\Users\DELL\source\repos\banksystem\banksystem\Source.cpp(151,9): warning C4552: '>>': result of expression not used
C:\Users\DELL\source\repos\banksystem\banksystem\Source.cpp(152,11): error C2039: 'List_of_Employees': is not a member of 'Bank'
C:\Users\DELL\source\repos\banksystem\banksystem\Source.cpp(4): message : see declaration of 'Bank'
C:\Users\DELL\source\repos\banksystem\banksystem\Source.cpp(188,14): error C2039: 'List_of_Customers': is not a member of 'Bank'
C:\Users\DELL\source\repos\banksystem\banksystem\Source.cpp(4): message : see declaration of 'Bank'
C:\Users\DELL\source\repos\banksystem\banksystem\Source.cpp(190,5): error C2065: 'List_of_Customers': undeclared identifier
C:\Users\DELL\source\repos\banksystem\banksystem\Source.cpp(198,14): error C2039: 'List_of_Employees': is not a member of 'Bank'
C:\Users\DELL\source\repos\banksystem\banksystem\Source.cpp(4): message : see declaration of 'Bank'
C:\Users\DELL\source\repos\banksystem\banksystem\Source.cpp(200,5): error C2065: 'List_of_Employees': undeclared identifier
C:\Users\DELL\source\repos\banksystem\banksystem\Source.cpp(210,10): error C2039: 'List_of_Customers': is not a member of 'Bank'
C:\Users\DELL\source\repos\banksystem\banksystem\Source.cpp(4): message : see declaration of 'Bank'
C:\Users\DELL\source\repos\banksystem\banksystem\Source.cpp(219,10): error C2039: 'List_of_Employees': is not a member of 'Bank'
C:\Users\DELL\source\repos\banksystem\banksystem\Source.cpp(4): message : see declaration of 'Bank'
C:\Users\DELL\source\repos\banksystem\banksystem\Source.cpp(226,8): error C2065: 'List_of_Customers': undeclared identifier
C:\Users\DELL\source\repos\banksystem\banksystem\Source.cpp(228,5): error C2065: 'List_of_Customers': undeclared identifier
C:\Users\DELL\source\repos\banksystem\banksystem\Source.cpp(238,8): error C2065: 'List_of_Customers': undeclared identifier
C:\Users\DELL\source\repos\banksystem\banksystem\Source.cpp(240,5): error C2065: 'List_of_Customers': undeclared identifier
C:\Users\DELL\source\repos\banksystem\banksystem\Source.cpp(530,100): error C2061: syntax error: identifier 'ATM'
